Using pre-set license
Built from '2020.3/staging' branch; Version is '2020.3.6f1 (338bb68529b2) revision 3378102'; Using compiler version '192528614'; Build Type 'Release'
OS: 'Windows 10 Home; OS build 19042.985; Version 2009; 64bit' Language: 'en' Physical Memory: 16305 MB
BatchMode: 1, IsHumanControllingUs: 0, StartBugReporterOnCrash: 0, Is64bit: 1, IsPro: 0

 COMMAND LINE ARGUMENTS:
C:\Unity\2020.3.6f1\Editor\Unity.exe
-adb2
-batchMode
-noUpm
-name
AssetImportWorker0
-projectPath
C:/Users/jinge/Desktop/Git/Pistol-Whip/examRender
-logFile
Logs/AssetImportWorker0.log
-srvPort
58987
Successfully changed project path to: C:/Users/jinge/Desktop/Git/Pistol-Whip/examRender
C:/Users/jinge/Desktop/Git/Pistol-Whip/examRender
Using Asset Import Pipeline V2.
Refreshing native plugins compatible for Editor in 71.91 ms, found 0 plugins.
Preloading 0 native plugins for Editor in 0.00 ms.
Initialize engine version: 2020.3.6f1 (338bb68529b2)
[Subsystems] Discovering subsystems at path C:/Unity/2020.3.6f1/Editor/Data/Resources/UnitySubsystems
[Subsystems] Discovering subsystems at path C:/Users/jinge/Desktop/Git/Pistol-Whip/examRender/Assets
GfxDevice: creating device client; threaded=0
Direct3D:
    Version:  Direct3D 11.0 [level 11.1]
    Renderer: NVIDIA GeForce RTX 2070 Super with Max-Q Design (ID=0x1ed1)
    Vendor:   
    VRAM:     8011 MB
    Driver:   27.21.14.5167
Initialize mono
Mono path[0] = 'C:/Unity/2020.3.6f1/Editor/Data/Managed'
Mono path[1] = 'C:/Unity/2020.3.6f1/Editor/Data/MonoBleedingEdge/lib/mono/unityjit'
Mono config path = 'C:/Unity/2020.3.6f1/Editor/Data/MonoBleedingEdge/etc'
Using monoOptions --debugger-agent=transport=dt_socket,embedding=1,server=y,suspend=n,address=127.0.0.1:56108
Begin MonoManager ReloadAssembly
Registering precompiled unity dll's ...
Register platform support module: C:/Unity/2020.3.6f1/Editor/Data/PlaybackEngines/WindowsStandaloneSupport/UnityEditor.WindowsStandalone.Extensions.dll
Registered in 0.008402 seconds.
Native extension for WindowsStandalone target not found
Refreshing native plugins compatible for Editor in 46.37 ms, found 0 plugins.
Preloading 0 native plugins for Editor in 0.00 ms.
Mono: successfully reloaded assembly
- Completed reload, in  2.609 seconds
Platform modules already initialized, skipping
Registering precompiled user dll's ...
Registered in 0.001777 seconds.
Begin MonoManager ReloadAssembly
Native extension for WindowsStandalone target not found
Refreshing native plugins compatible for Editor in 44.43 ms, found 0 plugins.
Preloading 0 native plugins for Editor in 0.00 ms.
Mono: successfully reloaded assembly
- Completed reload, in  0.936 seconds
Platform modules already initialized, skipping
========================================================================
Worker process is ready to serve import requests
Shader 'Universal Render Pipeline/Particles/Lit': fallback shader 'Universal Render Pipeline/Particles/SimpleLit' not found
Shader 'Universal Render Pipeline/Particles/Lit': fallback shader 'Universal Render Pipeline/Particles/SimpleLit' not found
Launched and connected shader compiler UnityShaderCompiler.exe after 0.04 seconds
Refreshing native plugins compatible for Editor in 0.35 ms, found 0 plugins.
Preloading 0 native plugins for Editor in 0.00 ms.
Unloading 2420 Unused Serialized files (Serialized files now loaded: 0)
System memory in use before: 114.9 MB.
System memory in use after: 112.0 MB.

Unloading 46 unused Assets to reduce memory usage. Loaded Objects now: 2825.
Total: 5.296000 ms (FindLiveObjects: 0.532000 ms CreateObjectMapping: 0.301200 ms MarkObjects: 2.493800 ms  DeleteObjects: 1.967500 ms)

========================================================================
Received Import Request.
  path: Assets/Readme.asset
  artifactKey: Guid(83c2ed844a8c74b779a4c823d16594b1) Importer(815301076,1909f56bfc062723c751e8b465ee728b)
Start importing Assets/Readme.asset using Guid(83c2ed844a8c74b779a4c823d16594b1) Importer(815301076,1909f56bfc062723c751e8b465ee728b)  -> (artifact id: 'd583f2096f29bf976b5c4e4af107c22c') in 0.030659 seconds
  Import took 0.035438 seconds .

========================================================================
Received Prepare
Registering precompiled user dll's ...
Registered in 0.001608 seconds.
Begin MonoManager ReloadAssembly
Native extension for WindowsStandalone target not found
Refreshing native plugins compatible for Editor in 0.40 ms, found 0 plugins.
Preloading 0 native plugins for Editor in 0.00 ms.
Mono: successfully reloaded assembly
- Completed reload, in  0.880 seconds
Platform modules already initialized, skipping
Switching build target platform(5) subTarget(0) extendedPlatform(0) -> platform(13) subTarget(537395200) extendedPlatform(0)
Shader 'Universal Render Pipeline/Particles/Lit': fallback shader 'Universal Render Pipeline/Particles/SimpleLit' not found
Shader 'Universal Render Pipeline/Particles/Lit': fallback shader 'Universal Render Pipeline/Particles/SimpleLit' not found
Refreshing native plugins compatible for Editor in 0.40 ms, found 0 plugins.
Preloading 0 native plugins for Editor in 0.00 ms.
Unloading 2351 Unused Serialized files (Serialized files now loaded: 0)
System memory in use before: 111.5 MB.
System memory in use after: 108.7 MB.

Unloading 41 unused Assets to reduce memory usage. Loaded Objects now: 2828.
Total: 5.909100 ms (FindLiveObjects: 0.854500 ms CreateObjectMapping: 0.253200 ms MarkObjects: 2.885300 ms  DeleteObjects: 1.914000 ms)

AssetImportParameters requested are different than current active one (requested -> active):
  custom:graphics/normal-map-encoding: 01000000000000000000000000000000 -> 02000000000000000000000000000000
========================================================================
Received Prepare
Shader 'Universal Render Pipeline/Particles/Lit': fallback shader 'Universal Render Pipeline/Particles/SimpleLit' not found
Shader 'Universal Render Pipeline/Particles/Lit': fallback shader 'Universal Render Pipeline/Particles/SimpleLit' not found
Refreshing native plugins compatible for Editor in 174.33 ms, found 0 plugins.
Preloading 0 native plugins for Editor in 0.00 ms.
Unloading 39 Unused Serialized files (Serialized files now loaded: 0)
System memory in use before: 65.9 MB.
System memory in use after: 63.1 MB.

Unloading 39 unused Assets to reduce memory usage. Loaded Objects now: 2828.
Total: 36.980100 ms (FindLiveObjects: 0.727200 ms CreateObjectMapping: 0.364300 ms MarkObjects: 23.097800 ms  DeleteObjects: 12.788400 ms)

========================================================================
Received Prepare
Registering precompiled user dll's ...
Registered in 0.001583 seconds.
Begin MonoManager ReloadAssembly
Native extension for WindowsStandalone target not found
Refreshing native plugins compatible for Editor in 0.44 ms, found 0 plugins.
Preloading 0 native plugins for Editor in 0.00 ms.
Mono: successfully reloaded assembly
- Completed reload, in  0.861 seconds
Platform modules already initialized, skipping
Shader 'Universal Render Pipeline/Particles/Lit': fallback shader 'Universal Render Pipeline/Particles/SimpleLit' not found
Shader 'Universal Render Pipeline/Particles/Lit': fallback shader 'Universal Render Pipeline/Particles/SimpleLit' not found
Refreshing native plugins compatible for Editor in 0.35 ms, found 0 plugins.
Preloading 0 native plugins for Editor in 0.00 ms.
Unloading 2347 Unused Serialized files (Serialized files now loaded: 0)
System memory in use before: 111.5 MB.
System memory in use after: 108.7 MB.

Unloading 41 unused Assets to reduce memory usage. Loaded Objects now: 2831.
Total: 3.131000 ms (FindLiveObjects: 0.217600 ms CreateObjectMapping: 0.104400 ms MarkObjects: 1.527200 ms  DeleteObjects: 1.280600 ms)

========================================================================
Received Prepare
Shader 'Universal Render Pipeline/Particles/Lit': fallback shader 'Universal Render Pipeline/Particles/SimpleLit' not found
Shader 'Universal Render Pipeline/Particles/Lit': fallback shader 'Universal Render Pipeline/Particles/SimpleLit' not found
Refreshing native plugins compatible for Editor in 1.37 ms, found 0 plugins.
Preloading 0 native plugins for Editor in 0.00 ms.
Unloading 39 Unused Serialized files (Serialized files now loaded: 0)
System memory in use before: 65.9 MB.
System memory in use after: 63.2 MB.

Unloading 39 unused Assets to reduce memory usage. Loaded Objects now: 2831.
Total: 3.032700 ms (FindLiveObjects: 0.253600 ms CreateObjectMapping: 0.106700 ms MarkObjects: 1.322500 ms  DeleteObjects: 1.349000 ms)

========================================================================
Received Import Request.
  Time since last request: 188.083959 seconds.
  path: Assets
  artifactKey: Guid(00000000000000001000000000000000) Importer(815301076,1909f56bfc062723c751e8b465ee728b)
Start importing Assets using Guid(00000000000000001000000000000000) Importer(815301076,1909f56bfc062723c751e8b465ee728b)  -> (artifact id: '2c602d4445bd9e0e517b9a7c882a2249') in 0.039855 seconds
  Import took 0.045866 seconds .

========================================================================
Received Import Request.
  Time since last request: 66.418691 seconds.
  path: Assets/NewUnlitShader.shader
  artifactKey: Guid(693cfb37299d64d4ab25c6dc8f54b489) Importer(815301076,1909f56bfc062723c751e8b465ee728b)
Start importing Assets/NewUnlitShader.shader using Guid(693cfb37299d64d4ab25c6dc8f54b489) Importer(815301076,1909f56bfc062723c751e8b465ee728b)  -> (artifact id: 'da5223892b6675b0460fe3d318f5b5f3') in 0.008963 seconds
  Import took 0.012113 seconds .

========================================================================
Received Import Request.
  Time since last request: 0.001748 seconds.
  path: Assets/NewUnlitShader.shader
  artifactKey: Guid(693cfb37299d64d4ab25c6dc8f54b489) Importer(815301076,1909f56bfc062723c751e8b465ee728b)
Start importing Assets/NewUnlitShader.shader using Guid(693cfb37299d64d4ab25c6dc8f54b489) Importer(815301076,1909f56bfc062723c751e8b465ee728b)  -> (artifact id: 'da5223892b6675b0460fe3d318f5b5f3') in 0.004308 seconds
  Import took 0.007151 seconds .

========================================================================
Received Import Request.
  Time since last request: 26.907214 seconds.
  path: Assets/vv.shadergraph
  artifactKey: Guid(93c1886e11baa3941b262333835c33c0) Importer(815301076,1909f56bfc062723c751e8b465ee728b)
Start importing Assets/vv.shadergraph using Guid(93c1886e11baa3941b262333835c33c0) Importer(815301076,1909f56bfc062723c751e8b465ee728b)  -> (artifact id: 'cf7a6f656745ac15a9c85d887c76e23b') in 0.005366 seconds
  Import took 0.009228 seconds .

========================================================================
Received Import Request.
  Time since last request: 0.223648 seconds.
  path: Assets/vv.shadergraph
  artifactKey: Guid(93c1886e11baa3941b262333835c33c0) Importer(815301076,1909f56bfc062723c751e8b465ee728b)
Start importing Assets/vv.shadergraph using Guid(93c1886e11baa3941b262333835c33c0) Importer(815301076,1909f56bfc062723c751e8b465ee728b)  -> (artifact id: 'cf7a6f656745ac15a9c85d887c76e23b') in 0.003739 seconds
  Import took 0.007559 seconds .

========================================================================
Received Import Request.
  Time since last request: 65.403949 seconds.
  path: Assets/vv.shadergraph
  artifactKey: Guid(93c1886e11baa3941b262333835c33c0) Importer(815301076,1909f56bfc062723c751e8b465ee728b)
Start importing Assets/vv.shadergraph using Guid(93c1886e11baa3941b262333835c33c0) Importer(815301076,1909f56bfc062723c751e8b465ee728b)  -> (artifact id: '83515a16b06ba2ae59aba30b9b27cf0f') in 0.004882 seconds
  Import took 0.008185 seconds .

========================================================================
Received Import Request.
  Time since last request: 0.012757 seconds.
  path: Assets/vv.shadergraph
  artifactKey: Guid(93c1886e11baa3941b262333835c33c0) Importer(815301076,1909f56bfc062723c751e8b465ee728b)
Start importing Assets/vv.shadergraph using Guid(93c1886e11baa3941b262333835c33c0) Importer(815301076,1909f56bfc062723c751e8b465ee728b)  -> (artifact id: '83515a16b06ba2ae59aba30b9b27cf0f') in 0.003782 seconds
  Import took 0.007481 seconds .

========================================================================
Received Import Request.
  Time since last request: 144.670312 seconds.
  path: Assets/Settings
  artifactKey: Guid(0735c275001a2c84dafdb30deced5d8d) Importer(815301076,1909f56bfc062723c751e8b465ee728b)
Start importing Assets/Settings using Guid(0735c275001a2c84dafdb30deced5d8d) Importer(815301076,1909f56bfc062723c751e8b465ee728b)  -> (artifact id: '034abd9386bc40b6b7116f0a736c959b') in 0.002873 seconds
  Import took 0.006889 seconds .

========================================================================
Received Import Request.
  Time since last request: 0.000602 seconds.
  path: Assets/Settings
  artifactKey: Guid(0735c275001a2c84dafdb30deced5d8d) Importer(815301076,1909f56bfc062723c751e8b465ee728b)
Start importing Assets/Settings using Guid(0735c275001a2c84dafdb30deced5d8d) Importer(815301076,1909f56bfc062723c751e8b465ee728b)  -> (artifact id: '034abd9386bc40b6b7116f0a736c959b') in 0.001817 seconds
  Import took 0.004769 seconds .

========================================================================
Received Import Request.
  Time since last request: 67.354579 seconds.
  path: Assets/NewSurfaceShader.shader
  artifactKey: Guid(25b2fb63327c9cc49b52a047ccbc818a) Importer(815301076,1909f56bfc062723c751e8b465ee728b)
Start importing Assets/NewSurfaceShader.shader using Guid(25b2fb63327c9cc49b52a047ccbc818a) Importer(815301076,1909f56bfc062723c751e8b465ee728b)  -> (artifact id: '29467e874843dbf41592801acaf3941c') in 0.005761 seconds
  Import took 0.009327 seconds .

========================================================================
Received Import Request.
  Time since last request: 0.084757 seconds.
  path: Assets/NewSurfaceShader.shader
  artifactKey: Guid(25b2fb63327c9cc49b52a047ccbc818a) Importer(815301076,1909f56bfc062723c751e8b465ee728b)
Start importing Assets/NewSurfaceShader.shader using Guid(25b2fb63327c9cc49b52a047ccbc818a) Importer(815301076,1909f56bfc062723c751e8b465ee728b)  -> (artifact id: '29467e874843dbf41592801acaf3941c') in 0.005150 seconds
  Import took 0.010418 seconds .

AssetImportWorkerClient::OnTransportError - code=2 error=End of file
