Using pre-set license
Built from '2020.3/staging' branch; Version is '2020.3.6f1 (338bb68529b2) revision 3378102'; Using compiler version '192528614'; Build Type 'Release'
OS: 'Windows 10 Pro; OS build 19042.985; Version 2009; 64bit' Language: 'ko' Physical Memory: 16315 MB
BatchMode: 1, IsHumanControllingUs: 0, StartBugReporterOnCrash: 0, Is64bit: 1, IsPro: 0

 COMMAND LINE ARGUMENTS:
C:\Program Files\Unity\Hub\Editor\2020.3.6f1\Editor\Unity.exe
-adb2
-batchMode
-noUpm
-name
AssetImportWorker0
-projectPath
C:/Users/DMC CONET/Desktop/PJ/Pistol-Whip/Unirt_VR
-logFile
Logs/AssetImportWorker0.log
-srvPort
54605
Successfully changed project path to: C:/Users/DMC CONET/Desktop/PJ/Pistol-Whip/Unirt_VR
C:/Users/DMC CONET/Desktop/PJ/Pistol-Whip/Unirt_VR
Using Asset Import Pipeline V2.
Refreshing native plugins compatible for Editor in 293.99 ms, found 3 plugins.
Preloading 1 native plugins for Editor in 0.99 ms.
Initialize engine version: 2020.3.6f1 (338bb68529b2)
[Subsystems] Discovering subsystems at path C:/Program Files/Unity/Hub/Editor/2020.3.6f1/Editor/Data/Resources/UnitySubsystems
[Subsystems] Discovering subsystems at path C:/Users/DMC CONET/Desktop/PJ/Pistol-Whip/Unirt_VR/Assets
GfxDevice: creating device client; threaded=0
Direct3D:
    Version:  Direct3D 11.0 [level 11.1]
    Renderer: NVIDIA GeForce GTX 1660 SUPER (ID=0x21c4)
    Vendor:   
    VRAM:     5991 MB
    Driver:   27.21.14.5751
Initialize mono
Mono path[0] = 'C:/Program Files/Unity/Hub/Editor/2020.3.6f1/Editor/Data/Managed'
Mono path[1] = 'C:/Program Files/Unity/Hub/Editor/2020.3.6f1/Editor/Data/MonoBleedingEdge/lib/mono/unityjit'
Mono config path = 'C:/Program Files/Unity/Hub/Editor/2020.3.6f1/Editor/Data/MonoBleedingEdge/etc'
Using monoOptions --debugger-agent=transport=dt_socket,embedding=1,server=y,suspend=n,address=127.0.0.1:56288
Begin MonoManager ReloadAssembly
Registering precompiled unity dll's ...
Register platform support module: C:/Program Files/Unity/Hub/Editor/2020.3.6f1/Editor/Data/PlaybackEngines/WindowsStandaloneSupport/UnityEditor.WindowsStandalone.Extensions.dll
Registered in 0.109883 seconds.
Native extension for WindowsStandalone target not found
Refreshing native plugins compatible for Editor in 29.85 ms, found 3 plugins.
Preloading 1 native plugins for Editor in 0.07 ms.
Mono: successfully reloaded assembly
- Completed reload, in  6.658 seconds
Platform modules already initialized, skipping
Registering precompiled user dll's ...
Registered in 0.048244 seconds.
Begin MonoManager ReloadAssembly
Native extension for WindowsStandalone target not found
Refreshing native plugins compatible for Editor in 29.44 ms, found 3 plugins.
Preloading 1 native plugins for Editor in 0.07 ms.
[XR] OculusXRPlugin: registering subsystems
[XR] Unable to register display lifecyle provider: [1]
[XR] Oculus Input lifecycle provider registered.
[XR] Unable to register input lifecyle provider: [1]
NullReferenceException: Object reference not set to an instance of an object
  at Unity.XR.Oculus.OculusLoader.AssetPathToAbsolutePath (System.String assetPath) [0x00048] in C:\Users\DMC CONET\Desktop\PJ\Pistol-Whip\Unirt_VR\Library\PackageCache\com.unity.xr.oculus@1.9.0\Runtime\OculusLoader.cs:249 
  at Unity.XR.Oculus.OculusLoader.EditorLoadOVRPlugin () [0x0007b] in C:\Users\DMC CONET\Desktop\PJ\Pistol-Whip\Unirt_VR\Library\PackageCache\com.unity.xr.oculus@1.9.0\Runtime\OculusLoader.cs:234 

(Filename: Library/PackageCache/com.unity.xr.oculus@1.9.0/Runtime/OculusLoader.cs Line: 249)

Mono: successfully reloaded assembly
- Completed reload, in  2.229 seconds
Platform modules already initialized, skipping
========================================================================
Worker process is ready to serve import requests
Launched and connected shader compiler UnityShaderCompiler.exe after 0.07 seconds
Refreshing native plugins compatible for Editor in 0.35 ms, found 3 plugins.
Preloading 1 native plugins for Editor in 0.07 ms.
Unloading 1664 Unused Serialized files (Serialized files now loaded: 0)
System memory in use before: 78.2 MB.
System memory in use after: 78.3 MB.

Unloading 12 unused Assets to reduce memory usage. Loaded Objects now: 2117.
Total: 1.984400 ms (FindLiveObjects: 0.243300 ms CreateObjectMapping: 0.076800 ms MarkObjects: 1.597800 ms  DeleteObjects: 0.065700 ms)

========================================================================
Received Import Request.
  path: Assets/MAP1.fbx
  artifactKey: Guid(9f2fe0c8998bb2a4d9ccf9f23f0c27df) Importer(815301076,1909f56bfc062723c751e8b465ee728b)
Start importing Assets/MAP1.fbx using Guid(9f2fe0c8998bb2a4d9ccf9f23f0c27df) Importer(815301076,1909f56bfc062723c751e8b465ee728b)  -> (artifact id: 'fc56e8464ba429fa0a06e077b6f6f8eb') in 0.155445 seconds
  Import took 0.159249 seconds .

========================================================================
Received Import Request.
  Time since last request: 3.937204 seconds.
  path: Assets/MAP2.fbx
  artifactKey: Guid(0efe21a56b6e5dd4d98f2e4360ed8b72) Importer(815301076,1909f56bfc062723c751e8b465ee728b)
Start importing Assets/MAP2.fbx using Guid(0efe21a56b6e5dd4d98f2e4360ed8b72) Importer(815301076,1909f56bfc062723c751e8b465ee728b)  -> (artifact id: 'd0c36b81c02dfa31b2c0ceca21e6900a') in 0.155657 seconds
  Import took 0.159307 seconds .

========================================================================
Received Import Request.
  Time since last request: 32.861725 seconds.
  path: Assets/MAP2.fbx
  artifactKey: Guid(0efe21a56b6e5dd4d98f2e4360ed8b72) Importer(815301076,1909f56bfc062723c751e8b465ee728b)
Start importing Assets/MAP2.fbx using Guid(0efe21a56b6e5dd4d98f2e4360ed8b72) Importer(815301076,1909f56bfc062723c751e8b465ee728b)  -> (artifact id: '6b2b23f30ebc37177e7c5507b2bcc4e3') in 0.227199 seconds
  Import took 0.230773 seconds .

========================================================================
Received Import Request.
  Time since last request: 11469.320832 seconds.
  path: Assets/MAP4.fbx
  artifactKey: Guid(dfe0f4372684a8e4eaaa4eb81982bdc3) Importer(815301076,1909f56bfc062723c751e8b465ee728b)
Start importing Assets/MAP4.fbx using Guid(dfe0f4372684a8e4eaaa4eb81982bdc3) Importer(815301076,1909f56bfc062723c751e8b465ee728b)  -> (artifact id: 'b8fbf931d69424cb114c3861bb6a616a') in 0.109099 seconds
  Import took 0.113317 seconds .

AssetImportWorkerClient::OnTransportError - code=2 error=End of file
